{
  "RSpec": {
    "coverage": {
      "/Users/Nandhini/Projects/bank-tech-test/spec/account_spec.rb": [
        1,
        null,
        1,
        8,
        8,
        null,
        1,
        1,
        1,
        null,
        null,
        1,
        1,
        null,
        null,
        null,
        1,
        1,
        4,
        null,
        null,
        1,
        1,
        1,
        null,
        null,
        null,
        1,
        1,
        1,
        4,
        null,
        null,
        1,
        1,
        1,
        1,
        null,
        null,
        null,
        1,
        1,
        1,
        1,
        1,
        null,
        null,
        null
      ],
      "/Users/Nandhini/Projects/bank-tech-test/lib/account.rb": [
        1,
        1,
        null,
        1,
        null,
        1,
        null,
        1,
        7,
        7,
        7,
        null,
        null,
        1,
        4,
        4,
        4,
        null,
        null,
        1,
        2,
        2,
        2,
        null,
        null,
        1,
        1,
        null,
        null,
        null
      ],
      "/Users/Nandhini/Projects/bank-tech-test/lib/printer.rb": [
        1,
        1,
        1,
        1,
        null,
        null,
        1,
        null,
        1,
        1,
        null,
        null,
        1,
        1,
        5,
        null,
        null,
        null
      ],
      "/Users/Nandhini/Projects/bank-tech-test/lib/transaction.rb": [
        1,
        null,
        1,
        null,
        1,
        9,
        9,
        9,
        null,
        null,
        1,
        8,
        3,
        null,
        null,
        1,
        null,
        1,
        8,
        null,
        null,
        1,
        16,
        null,
        null
      ],
      "/Users/Nandhini/Projects/bank-tech-test/spec/printer_spec.rb": [
        1,
        1,
        2,
        2,
        null,
        1,
        2,
        null,
        null
      ],
      "/Users/Nandhini/Projects/bank-tech-test/spec/transcation_spec.rb": [
        1,
        1,
        4,
        4,
        3,
        2,
        null,
        1,
        1,
        null,
        null,
        1,
        1,
        null,
        null,
        1,
        1,
        null,
        null
      ]
    },
    "timestamp": 1504714375
  }
}
